<?xml version="1.0" encoding="UTF-8"?>
<testsuite xmlns:xsi="http://www.w3.org/2001/XMLSchema-instance" xsi:noNamespaceSchemaLocation="https://maven.apache.org/surefire/maven-surefire-plugin/xsd/surefire-test-report-3.0.xsd" version="3.0" name="test.java.CeilingFanTest" time="0.054" tests="2" errors="0" skipped="0" failures="0">
  <properties>
[...]
</properties>
  <testcase name="testPullCord1" classname="test.java.CeilingFanTest" time="0.013">
    <system-out><![CDATA[Cord 1 pulled
Cord 1 pulled
Cord 1 pulled
Cord 1 pulled
Cord 1 pulled
]]></system-out>
  </testcase>
  <testcase name="testPullCord2" classname="test.java.CeilingFanTest" time="0.0">
    <system-out><![CDATA[Cord 2 pulled
Cord 2 pulled
Cord 2 pulled
]]></system-out>
  </testcase>
</testsuite>